<?xml version="1.0" encoding="UTF-8"?>
<!-- Generated by org.testng.reporters.JUnitReportReporter -->
<testsuite hostname="ATMECSINLT-028" failures="0" tests="9" name="com.atmecs.konakart.script.ProductSearch" time="0.196" errors="1" timestamp="2019-10-14T20:52:19 IST" skipped="0">
  <testcase classname="com.atmecs.konakart.script.ProductSearch" name="positiveSearches" time="0.109"/>
  <testcase classname="com.atmecs.konakart.script.ProductSearch" name="positiveSearches" time="0.016"/>
  <testcase classname="com.atmecs.konakart.script.ProductSearch" name="positiveSearches" time="0.015"/>
  <testcase classname="com.atmecs.konakart.script.ProductSearch" name="positiveSearches" time="0.016"/>
  <testcase classname="com.atmecs.konakart.script.ProductSearch" name="positiveSearches" time="0.000"/>
  <testcase classname="com.atmecs.konakart.script.ProductSearch" name="positiveSearches" time="0.016"/>
  <testcase classname="com.atmecs.konakart.script.ProductSearch" name="closeBrwser" time="0.000">
    <error message="
Method public void com.atmecs.konakart.script.ProductSearch.closeBrwser() throws java.lang.Exception requires a @DataProvider named : negativeSearch" type="org.testng.TestNGException">
      <![CDATA[org.testng.TestNGException: 
Method public void com.atmecs.konakart.script.ProductSearch.closeBrwser() throws java.lang.Exception requires a @DataProvider named : negativeSearch
at org.testng.internal.Parameters.findDataProvider(Parameters.java:580)
at org.testng.internal.Parameters.handleParameters(Parameters.java:795)
at org.testng.internal.Parameters.handleParameters(Parameters.java:762)
at org.testng.internal.ParameterHandler.handleParameters(ParameterHandler.java:60)
at org.testng.internal.ParameterHandler.createParameters(ParameterHandler.java:39)
at org.testng.internal.TestInvoker$MethodInvocationAgent.invoke(TestInvoker.java:771)
at org.testng.internal.TestInvoker.invokeTestMethods(TestInvoker.java:145)
at org.testng.internal.TestMethodWorker.invokeTestMethods(TestMethodWorker.java:146)
at org.testng.internal.TestMethodWorker.run(TestMethodWorker.java:128)
at java.base/java.util.ArrayList.forEach(ArrayList.java:1540)
at org.testng.TestRunner.privateRun(TestRunner.java:770)
at org.testng.TestRunner.run(TestRunner.java:591)
at org.testng.SuiteRunner.runTest(SuiteRunner.java:402)
at org.testng.SuiteRunner.runSequentially(SuiteRunner.java:396)
at org.testng.SuiteRunner.privateRun(SuiteRunner.java:355)
at org.testng.SuiteRunner.run(SuiteRunner.java:304)
at org.testng.SuiteRunnerWorker.runSuite(SuiteRunnerWorker.java:53)
at org.testng.SuiteRunnerWorker.run(SuiteRunnerWorker.java:96)
at org.testng.TestNG.runSuitesSequentially(TestNG.java:1180)
at org.testng.TestNG.runSuitesLocally(TestNG.java:1102)
at org.testng.TestNG.runSuites(TestNG.java:1032)
at org.testng.TestNG.run(TestNG.java:1000)
at org.testng.remote.AbstractRemoteTestNG.run(AbstractRemoteTestNG.java:115)
at org.testng.remote.RemoteTestNG.initAndRun(RemoteTestNG.java:251)
at org.testng.remote.RemoteTestNG.main(RemoteTestNG.java:77)
]]>
    </error>
  </testcase> <!-- closeBrwser -->
  <testcase classname="com.atmecs.konakart.script.ProductSearch" name="positiveSearches" time="0.015"/>
  <testcase classname="com.atmecs.konakart.script.ProductSearch" name="positiveSearches" time="0.009"/>
</testsuite> <!-- com.atmecs.konakart.script.ProductSearch -->
