<?xml version="1.0" encoding="UTF-8"?>
<!-- Generated by org.testng.reporters.JUnitReportReporter -->
<testsuite hostname="ATMECSINLT-028" failures="0" tests="1" name="com.atmecs.konakart.script.saucelabs" time="0.287" errors="0" timestamp="2019-10-15T19:09:33 IST" skipped="0">
  <testcase classname="com.atmecs.konakart.script.saucelabs" name="validation" time="0.287"/>
</testsuite> <!-- com.atmecs.konakart.script.saucelabs -->
