<?xml version="1.0" encoding="UTF-8"?>
<!-- Generated by org.testng.reporters.JUnitReportReporter -->
<testsuite hostname="ATMECSINLT-028" failures="0" tests="1" name="com.atmecs.konakart.script.DynamicTestng" time="110.844" errors="0" timestamp="2019-10-23T21:22:05 IST" skipped="0">
  <testcase classname="com.atmecs.konakart.script.DynamicTestng" name="suiteTest" time="110.844"/>
</testsuite> <!-- com.atmecs.konakart.script.DynamicTestng -->
