<?xml version="1.0" encoding="UTF-8"?>
<!-- Generated by org.testng.reporters.JUnitReportReporter -->
<testsuite hostname="ATMECSINLT-028" failures="0" tests="1" name="com.atmecs.konakart.script.ProductValidation" time="0.946" errors="1" timestamp="2019-10-15T21:23:33 IST" skipped="0">
  <testcase classname="com.atmecs.konakart.script.ProductValidation" name="contentCorrectness" time="0.946">
    <error message="
[public void com.atmecs.konakart.script.ProductValidation.contentCorrectness(java.lang.String,java.lang.String) throws java.lang.Exception] has no parameters defined but was found to be using a data provider (either explicitly specified or inherited from class level annotation).
Data provider mismatch
Method: contentCorrectness([Parameter{index=0, type=java.lang.String, declaredAnnotations=[]}, Parameter{index=1, type=java.lang.String, declaredAnnotations=[]}])
Arguments: [(java.lang.String) The De&#039;Longhi BCO 410 is a 15 
bar espresso/filter coffee machine that 
will ensure you get the perfect coffee 
experience, regardless of your tastes. 
Able to make 10 cups of filter coffee or 
individual espressos (either via ground 
coffee or with &quot;Easy Serving Espresso&quot; pods),
 the BCO 410 is a versatile and high-quality machine. 
The espresso portion of the machine comes complete
 with a crema filter holder, adjustable steam emission, 
removable water reservoir and cup holder. The filter 
coffee portion of the machine comes complete with 
a jug warmer to ensure the coffee remains hot after
 brewing, frontal loading to make the machine incredibly 
easy to refill (both water and coffee) and a water 
filtration system to make your coffee taste that much better.,(java.lang.String) Add your product specifications here. 
By default, the Enterprise version of KonaKart displays the template based custom attributes.,(java.lang.String) 5stars
(1)
4stars
(1)
3stars
(2)
2stars
(0)
1stars
(0)
Average Customer Review:
 (3.8)
WRITE REVIEW
]" type="org.testng.internal.reflect.MethodMatcherException">
      <![CDATA[org.testng.internal.reflect.MethodMatcherException: 
[public void com.atmecs.konakart.script.ProductValidation.contentCorrectness(java.lang.String,java.lang.String) throws java.lang.Exception] has no parameters defined but was found to be using a data provider (either explicitly specified or inherited from class level annotation).
Data provider mismatch
Method: contentCorrectness([Parameter{index=0, type=java.lang.String, declaredAnnotations=[]}, Parameter{index=1, type=java.lang.String, declaredAnnotations=[]}])
Arguments: [(java.lang.String) The De'Longhi BCO 410 is a 15 
bar espresso/filter coffee machine that 
will ensure you get the perfect coffee 
experience, regardless of your tastes. 
Able to make 10 cups of filter coffee or 
individual espressos (either via ground 
coffee or with "Easy Serving Espresso" pods),
 the BCO 410 is a versatile and high-quality machine. 
The espresso portion of the machine comes complete
 with a crema filter holder, adjustable steam emission, 
removable water reservoir and cup holder. The filter 
coffee portion of the machine comes complete with 
a jug warmer to ensure the coffee remains hot after
 brewing, frontal loading to make the machine incredibly 
easy to refill (both water and coffee) and a water 
filtration system to make your coffee taste that much better.,(java.lang.String) Add your product specifications here. 
By default, the Enterprise version of KonaKart displays the template based custom attributes.,(java.lang.String) 5stars
(1)
4stars
(1)
3stars
(2)
2stars
(0)
1stars
(0)
Average Customer Review:
 (3.8)
WRITE REVIEW
]
at org.testng.internal.reflect.DataProviderMethodMatcher.getConformingArguments(DataProviderMethodMatcher.java:43)
at org.testng.internal.Parameters.injectParameters(Parameters.java:925)
at org.testng.internal.MethodRunner.runInSequence(MethodRunner.java:34)
at org.testng.internal.TestInvoker$MethodInvocationAgent.invoke(TestInvoker.java:804)
at org.testng.internal.TestInvoker.invokeTestMethods(TestInvoker.java:145)
at org.testng.internal.TestMethodWorker.invokeTestMethods(TestMethodWorker.java:146)
at org.testng.internal.TestMethodWorker.run(TestMethodWorker.java:128)
at java.base/java.util.ArrayList.forEach(ArrayList.java:1540)
at org.testng.TestRunner.privateRun(TestRunner.java:770)
at org.testng.TestRunner.run(TestRunner.java:591)
at org.testng.SuiteRunner.runTest(SuiteRunner.java:402)
at org.testng.SuiteRunner.runSequentially(SuiteRunner.java:396)
at org.testng.SuiteRunner.privateRun(SuiteRunner.java:355)
at org.testng.SuiteRunner.run(SuiteRunner.java:304)
at org.testng.SuiteRunnerWorker.runSuite(SuiteRunnerWorker.java:53)
at org.testng.SuiteRunnerWorker.run(SuiteRunnerWorker.java:96)
at org.testng.TestNG.runSuitesSequentially(TestNG.java:1180)
at org.testng.TestNG.runSuitesLocally(TestNG.java:1102)
at org.testng.TestNG.runSuites(TestNG.java:1032)
at org.testng.TestNG.run(TestNG.java:1000)
at org.testng.remote.AbstractRemoteTestNG.run(AbstractRemoteTestNG.java:115)
at org.testng.remote.RemoteTestNG.initAndRun(RemoteTestNG.java:251)
at org.testng.remote.RemoteTestNG.main(RemoteTestNG.java:77)
]]>
    </error>
  </testcase> <!-- contentCorrectness -->
</testsuite> <!-- com.atmecs.konakart.script.ProductValidation -->
