<?xml version="1.0" encoding="UTF-8"?>
<!-- Generated by org.testng.reporters.JUnitReportReporter -->
<testsuite hostname="ATMECSINLT-028" failures="0" tests="16" name="com.atmecs.konakart.script.ProductSearch" time="74.989" errors="0" timestamp="2019-10-21T20:09:01 IST" skipped="0">
  <testcase classname="com.atmecs.konakart.script.ProductSearch" name="positiveSearches" time="5.413"/>
  <testcase classname="com.atmecs.konakart.script.ProductSearch" name="positiveSearches" time="5.500"/>
  <testcase classname="com.atmecs.konakart.script.ProductSearch" name="positiveSearches" time="9.665"/>
  <testcase classname="com.atmecs.konakart.script.ProductSearch" name="positiveSearches" time="5.393"/>
  <testcase classname="com.atmecs.konakart.script.ProductSearch" name="positiveSearches" time="5.155"/>
  <testcase classname="com.atmecs.konakart.script.ProductSearch" name="positiveSearches" time="5.232"/>
  <testcase classname="com.atmecs.konakart.script.ProductSearch" name="positiveSearches" time="6.149"/>
  <testcase classname="com.atmecs.konakart.script.ProductSearch" name="positiveSearches" time="5.881"/>
  <testcase classname="com.atmecs.konakart.script.ProductSearch" name="negativeSearches" time="3.106"/>
  <testcase classname="com.atmecs.konakart.script.ProductSearch" name="negativeSearches" time="3.290"/>
  <testcase classname="com.atmecs.konakart.script.ProductSearch" name="negativeSearches" time="3.507"/>
  <testcase classname="com.atmecs.konakart.script.ProductSearch" name="negativeSearches" time="3.334"/>
  <testcase classname="com.atmecs.konakart.script.ProductSearch" name="negativeSearches" time="3.661"/>
  <testcase classname="com.atmecs.konakart.script.ProductSearch" name="negativeSearches" time="3.817"/>
  <testcase classname="com.atmecs.konakart.script.ProductSearch" name="negativeSearches" time="2.850"/>
  <testcase classname="com.atmecs.konakart.script.ProductSearch" name="negativeSearches" time="3.036"/>
</testsuite> <!-- com.atmecs.konakart.script.ProductSearch -->
