<?xml version="1.0" encoding="UTF-8"?>
<!-- Generated by org.testng.reporters.JUnitReportReporter -->
<testsuite hostname="ATMECSINLT-028" failures="0" tests="16" name="com.atmecs.konakart.script.ProductSearch" time="30.400" errors="0" timestamp="2019-10-15T20:42:50 IST" skipped="0">
  <testcase classname="com.atmecs.konakart.script.ProductSearch" name="positiveSearches" time="2.594"/>
  <testcase classname="com.atmecs.konakart.script.ProductSearch" name="positiveSearches" time="1.921"/>
  <testcase classname="com.atmecs.konakart.script.ProductSearch" name="positiveSearches" time="1.953"/>
  <testcase classname="com.atmecs.konakart.script.ProductSearch" name="positiveSearches" time="2.011"/>
  <testcase classname="com.atmecs.konakart.script.ProductSearch" name="positiveSearches" time="1.973"/>
  <testcase classname="com.atmecs.konakart.script.ProductSearch" name="positiveSearches" time="1.830"/>
  <testcase classname="com.atmecs.konakart.script.ProductSearch" name="positiveSearches" time="2.020"/>
  <testcase classname="com.atmecs.konakart.script.ProductSearch" name="positiveSearches" time="1.991"/>
  <testcase classname="com.atmecs.konakart.script.ProductSearch" name="negativeSearches" time="1.850"/>
  <testcase classname="com.atmecs.konakart.script.ProductSearch" name="negativeSearches" time="2.233"/>
  <testcase classname="com.atmecs.konakart.script.ProductSearch" name="negativeSearches" time="1.337"/>
  <testcase classname="com.atmecs.konakart.script.ProductSearch" name="negativeSearches" time="1.781"/>
  <testcase classname="com.atmecs.konakart.script.ProductSearch" name="negativeSearches" time="2.084"/>
  <testcase classname="com.atmecs.konakart.script.ProductSearch" name="negativeSearches" time="1.444"/>
  <testcase classname="com.atmecs.konakart.script.ProductSearch" name="negativeSearches" time="1.700"/>
  <testcase classname="com.atmecs.konakart.script.ProductSearch" name="negativeSearches" time="1.678"/>
</testsuite> <!-- com.atmecs.konakart.script.ProductSearch -->
